0 info it worked if it ends with ok
1 verbose cli [ '/usr/local/Cellar/node/0.10.5/bin/node',
1 verbose cli   '/usr/local/bin/npm',
1 verbose cli   'install',
1 verbose cli   '-g',
1 verbose cli   'requirejs' ]
2 info using npm@1.2.18
3 info using node@v0.10.5
4 verbose read json /usr/local/share/npm/lib/package.json
5 verbose read json /usr/local/share/npm/lib/package.json
6 verbose cache add [ 'requirejs', null ]
7 verbose cache add name=undefined spec="requirejs" args=["requirejs",null]
8 verbose parsed url { protocol: null,
8 verbose parsed url   slashes: null,
8 verbose parsed url   auth: null,
8 verbose parsed url   host: null,
8 verbose parsed url   port: null,
8 verbose parsed url   hostname: null,
8 verbose parsed url   hash: null,
8 verbose parsed url   search: null,
8 verbose parsed url   query: null,
8 verbose parsed url   pathname: 'requirejs',
8 verbose parsed url   path: 'requirejs',
8 verbose parsed url   href: 'requirejs' }
9 silly lockFile f2b16c35-requirejs requirejs
10 verbose lock requirejs /Users/jameshsi/.npm/f2b16c35-requirejs.lock
11 silly lockFile f2b16c35-requirejs requirejs
12 silly lockFile f2b16c35-requirejs requirejs
13 verbose addNamed [ 'requirejs', '' ]
14 verbose addNamed [ null, '' ]
15 silly lockFile e9b02655-requirejs requirejs@
16 verbose lock requirejs@ /Users/jameshsi/.npm/e9b02655-requirejs.lock
17 silly addNameRange { name: 'requirejs', range: '', hasData: false }
18 verbose url raw requirejs
19 verbose url resolving [ 'https://registry.npmjs.org/', './requirejs' ]
20 verbose url resolved https://registry.npmjs.org/requirejs
21 info trying registry request attempt 1 at 17:59:57
22 http GET https://registry.npmjs.org/requirejs
23 http 200 https://registry.npmjs.org/requirejs
24 silly registry.get cb [ 200,
24 silly registry.get   { vary: 'Accept',
24 silly registry.get     server: 'CouchDB/1.3.1 (Erlang OTP/R15B03)',
24 silly registry.get     etag: '"35UW2J4AMTBD8WVQFQWF3MGTK"',
24 silly registry.get     date: 'Thu, 17 Oct 2013 00:59:59 GMT',
24 silly registry.get     'content-type': 'application/json',
24 silly registry.get     'content-length': '36471' } ]
25 silly addNameRange number 2 { name: 'requirejs', range: '', hasData: true }
26 silly addNameRange versions [ 'requirejs',
26 silly addNameRange   [ '0.26.0',
26 silly addNameRange     '0.27.0',
26 silly addNameRange     '0.27.1',
26 silly addNameRange     '1.0.0',
26 silly addNameRange     '1.0.1',
26 silly addNameRange     '1.0.2',
26 silly addNameRange     '1.0.3',
26 silly addNameRange     '1.0.4',
26 silly addNameRange     '1.0.5',
26 silly addNameRange     '1.0.6',
26 silly addNameRange     '1.0.7',
26 silly addNameRange     '1.0.8',
26 silly addNameRange     '2.0.0',
26 silly addNameRange     '2.0.1',
26 silly addNameRange     '2.0.2',
26 silly addNameRange     '2.0.3',
26 silly addNameRange     '2.0.4',
26 silly addNameRange     '2.0.5',
26 silly addNameRange     '2.0.6',
26 silly addNameRange     '2.1.0',
26 silly addNameRange     '2.1.1',
26 silly addNameRange     '2.1.2',
26 silly addNameRange     '2.1.3',
26 silly addNameRange     '2.1.4',
26 silly addNameRange     '2.1.5',
26 silly addNameRange     '2.1.6',
26 silly addNameRange     '2.1.7',
26 silly addNameRange     '2.1.8',
26 silly addNameRange     '2.1.9' ] ]
27 verbose addNamed [ 'requirejs', '2.1.9' ]
28 verbose addNamed [ '2.1.9', '2.1.9' ]
29 silly lockFile d131dabb-requirejs-2-1-9 requirejs@2.1.9
30 verbose lock requirejs@2.1.9 /Users/jameshsi/.npm/d131dabb-requirejs-2-1-9.lock
31 silly lockFile cdb77b78-rg-requirejs-requirejs-2-1-9-tgz https://registry.npmjs.org/requirejs/-/requirejs-2.1.9.tgz
32 verbose lock https://registry.npmjs.org/requirejs/-/requirejs-2.1.9.tgz /Users/jameshsi/.npm/cdb77b78-rg-requirejs-requirejs-2-1-9-tgz.lock
33 verbose addRemoteTarball [ 'https://registry.npmjs.org/requirejs/-/requirejs-2.1.9.tgz',
33 verbose addRemoteTarball   '624e10d22863e8db9aebfb8f21809ca59da42344' ]
34 info retry fetch attempt 1 at 17:59:59
35 verbose fetch to= /var/folders/3l/q84pbg3j53n0nl4dq18dm6w80000gn/T/npm-11997/1381971599279-0.4313062122091651/tmp.tgz
36 http GET https://registry.npmjs.org/requirejs/-/requirejs-2.1.9.tgz
37 http 200 https://registry.npmjs.org/requirejs/-/requirejs-2.1.9.tgz
38 silly shasum updated bytes 65536
39 silly shasum updated bytes 65536
40 silly shasum updated bytes 65536
41 silly shasum updated bytes 22993
42 info shasum 624e10d22863e8db9aebfb8f21809ca59da42344
42 info shasum /var/folders/3l/q84pbg3j53n0nl4dq18dm6w80000gn/T/npm-11997/1381971599279-0.4313062122091651/tmp.tgz
43 verbose tar unpack /var/folders/3l/q84pbg3j53n0nl4dq18dm6w80000gn/T/npm-11997/1381971599279-0.4313062122091651/tmp.tgz
44 silly lockFile 37ba8c15-99279-0-4313062122091651-package /var/folders/3l/q84pbg3j53n0nl4dq18dm6w80000gn/T/npm-11997/1381971599279-0.4313062122091651/package
45 verbose lock /var/folders/3l/q84pbg3j53n0nl4dq18dm6w80000gn/T/npm-11997/1381971599279-0.4313062122091651/package /Users/jameshsi/.npm/37ba8c15-99279-0-4313062122091651-package.lock
46 silly lockFile 72f0b0c1-99279-0-4313062122091651-tmp-tgz /var/folders/3l/q84pbg3j53n0nl4dq18dm6w80000gn/T/npm-11997/1381971599279-0.4313062122091651/tmp.tgz
47 verbose lock /var/folders/3l/q84pbg3j53n0nl4dq18dm6w80000gn/T/npm-11997/1381971599279-0.4313062122091651/tmp.tgz /Users/jameshsi/.npm/72f0b0c1-99279-0-4313062122091651-tmp-tgz.lock
48 silly gunzTarPerm modes [ '755', '644' ]
49 silly gunzTarPerm extractEntry package.json
50 silly gunzTarPerm extractEntry README.md
51 silly gunzTarPerm extractEntry require.js
52 silly gunzTarPerm extractEntry bin/r.js
53 verbose read json /var/folders/3l/q84pbg3j53n0nl4dq18dm6w80000gn/T/npm-11997/1381971599279-0.4313062122091651/package/package.json
54 silly lockFile 37ba8c15-99279-0-4313062122091651-package /var/folders/3l/q84pbg3j53n0nl4dq18dm6w80000gn/T/npm-11997/1381971599279-0.4313062122091651/package
55 silly lockFile 37ba8c15-99279-0-4313062122091651-package /var/folders/3l/q84pbg3j53n0nl4dq18dm6w80000gn/T/npm-11997/1381971599279-0.4313062122091651/package
56 silly lockFile 72f0b0c1-99279-0-4313062122091651-tmp-tgz /var/folders/3l/q84pbg3j53n0nl4dq18dm6w80000gn/T/npm-11997/1381971599279-0.4313062122091651/tmp.tgz
57 silly lockFile 72f0b0c1-99279-0-4313062122091651-tmp-tgz /var/folders/3l/q84pbg3j53n0nl4dq18dm6w80000gn/T/npm-11997/1381971599279-0.4313062122091651/tmp.tgz
58 verbose from cache /var/folders/3l/q84pbg3j53n0nl4dq18dm6w80000gn/T/npm-11997/1381971599279-0.4313062122091651/package/package.json
59 verbose tar pack [ '/Users/jameshsi/.npm/requirejs/2.1.9/package.tgz',
59 verbose tar pack   '/var/folders/3l/q84pbg3j53n0nl4dq18dm6w80000gn/T/npm-11997/1381971599279-0.4313062122091651/package' ]
60 verbose tarball /Users/jameshsi/.npm/requirejs/2.1.9/package.tgz
61 verbose folder /var/folders/3l/q84pbg3j53n0nl4dq18dm6w80000gn/T/npm-11997/1381971599279-0.4313062122091651/package
62 silly lockFile 37ba8c15-99279-0-4313062122091651-package /var/folders/3l/q84pbg3j53n0nl4dq18dm6w80000gn/T/npm-11997/1381971599279-0.4313062122091651/package
63 verbose lock /var/folders/3l/q84pbg3j53n0nl4dq18dm6w80000gn/T/npm-11997/1381971599279-0.4313062122091651/package /Users/jameshsi/.npm/37ba8c15-99279-0-4313062122091651-package.lock
64 silly lockFile d49b1802--npm-requirejs-2-1-9-package-tgz /Users/jameshsi/.npm/requirejs/2.1.9/package.tgz
65 verbose lock /Users/jameshsi/.npm/requirejs/2.1.9/package.tgz /Users/jameshsi/.npm/d49b1802--npm-requirejs-2-1-9-package-tgz.lock
66 silly lockFile 37ba8c15-99279-0-4313062122091651-package /var/folders/3l/q84pbg3j53n0nl4dq18dm6w80000gn/T/npm-11997/1381971599279-0.4313062122091651/package
67 silly lockFile 37ba8c15-99279-0-4313062122091651-package /var/folders/3l/q84pbg3j53n0nl4dq18dm6w80000gn/T/npm-11997/1381971599279-0.4313062122091651/package
68 silly lockFile d49b1802--npm-requirejs-2-1-9-package-tgz /Users/jameshsi/.npm/requirejs/2.1.9/package.tgz
69 silly lockFile d49b1802--npm-requirejs-2-1-9-package-tgz /Users/jameshsi/.npm/requirejs/2.1.9/package.tgz
70 silly lockFile 6676f3bb-shsi-npm-requirejs-2-1-9-package /Users/jameshsi/.npm/requirejs/2.1.9/package
71 verbose lock /Users/jameshsi/.npm/requirejs/2.1.9/package /Users/jameshsi/.npm/6676f3bb-shsi-npm-requirejs-2-1-9-package.lock
72 silly lockFile 6676f3bb-shsi-npm-requirejs-2-1-9-package /Users/jameshsi/.npm/requirejs/2.1.9/package
73 silly lockFile 6676f3bb-shsi-npm-requirejs-2-1-9-package /Users/jameshsi/.npm/requirejs/2.1.9/package
74 verbose tar unpack /Users/jameshsi/.npm/requirejs/2.1.9/package.tgz
75 silly lockFile 6676f3bb-shsi-npm-requirejs-2-1-9-package /Users/jameshsi/.npm/requirejs/2.1.9/package
76 verbose lock /Users/jameshsi/.npm/requirejs/2.1.9/package /Users/jameshsi/.npm/6676f3bb-shsi-npm-requirejs-2-1-9-package.lock
77 silly lockFile d49b1802--npm-requirejs-2-1-9-package-tgz /Users/jameshsi/.npm/requirejs/2.1.9/package.tgz
78 verbose lock /Users/jameshsi/.npm/requirejs/2.1.9/package.tgz /Users/jameshsi/.npm/d49b1802--npm-requirejs-2-1-9-package-tgz.lock
79 silly gunzTarPerm modes [ '755', '644' ]
80 silly gunzTarPerm extractEntry package.json
81 silly gunzTarPerm extractEntry README.md
82 silly gunzTarPerm extractEntry require.js
83 silly gunzTarPerm extractEntry bin/r.js
84 verbose read json /Users/jameshsi/.npm/requirejs/2.1.9/package/package.json
85 silly lockFile 6676f3bb-shsi-npm-requirejs-2-1-9-package /Users/jameshsi/.npm/requirejs/2.1.9/package
86 silly lockFile 6676f3bb-shsi-npm-requirejs-2-1-9-package /Users/jameshsi/.npm/requirejs/2.1.9/package
87 silly lockFile d49b1802--npm-requirejs-2-1-9-package-tgz /Users/jameshsi/.npm/requirejs/2.1.9/package.tgz
88 silly lockFile d49b1802--npm-requirejs-2-1-9-package-tgz /Users/jameshsi/.npm/requirejs/2.1.9/package.tgz
89 silly shasum updated bytes 65536
90 silly shasum updated bytes 65536
91 silly shasum updated bytes 65536
92 silly shasum updated bytes 22994
93 info shasum b0b8dc171c7eb7f0257cf41022626fa061abcb6c
93 info shasum /Users/jameshsi/.npm/requirejs/2.1.9/package.tgz
94 verbose from cache /Users/jameshsi/.npm/requirejs/2.1.9/package/package.json
95 verbose chmod /Users/jameshsi/.npm/requirejs/2.1.9/package.tgz 644
96 verbose chown /Users/jameshsi/.npm/requirejs/2.1.9/package.tgz [ 501, 20 ]
97 silly lockFile cdb77b78-rg-requirejs-requirejs-2-1-9-tgz https://registry.npmjs.org/requirejs/-/requirejs-2.1.9.tgz
98 silly lockFile cdb77b78-rg-requirejs-requirejs-2-1-9-tgz https://registry.npmjs.org/requirejs/-/requirejs-2.1.9.tgz
99 silly lockFile d131dabb-requirejs-2-1-9 requirejs@2.1.9
100 silly lockFile d131dabb-requirejs-2-1-9 requirejs@2.1.9
101 silly lockFile e9b02655-requirejs requirejs@
102 silly lockFile e9b02655-requirejs requirejs@
103 silly resolved [ { name: 'requirejs',
103 silly resolved     description: 'Node adapter for RequireJS, for loading AMD modules. Includes RequireJS optimizer',
103 silly resolved     version: '2.1.9',
103 silly resolved     homepage: 'http://github.com/jrburke/r.js',
103 silly resolved     author:
103 silly resolved      { name: 'James Burke',
103 silly resolved        email: 'jrburke@gmail.com',
103 silly resolved        url: 'http://github.com/jrburke' },
103 silly resolved     licenses: [ [Object], [Object] ],
103 silly resolved     repository: { type: 'git', url: 'https://github.com/jrburke/r.js.git' },
103 silly resolved     main: './bin/r.js',
103 silly resolved     bin: { 'r.js': './bin/r.js' },
103 silly resolved     engines: { node: '>=0.4.0' },
103 silly resolved     readme: '# requirejs\n\nRequireJS for use in Node. includes:\n\n* r.js: the RequireJS optimizer, and AMD runtime for use in Node.\n* require.js: The browser-based AMD loader.\n\nMore information at http://requirejs.org\n\n',
103 silly resolved     readmeFilename: 'README.md',
103 silly resolved     _id: 'requirejs@2.1.9',
103 silly resolved     dist: { shasum: 'b0b8dc171c7eb7f0257cf41022626fa061abcb6c' },
103 silly resolved     _from: 'requirejs@',
103 silly resolved     _resolved: 'https://registry.npmjs.org/requirejs/-/requirejs-2.1.9.tgz' } ]
104 info install requirejs@2.1.9 into /usr/local/share/npm/lib
105 info installOne requirejs@2.1.9
106 verbose from cache /Users/jameshsi/.npm/requirejs/2.1.9/package/package.json
107 info /usr/local/share/npm/lib/node_modules/requirejs unbuild
108 verbose read json /usr/local/share/npm/lib/node_modules/requirejs/package.json
109 verbose tar unpack /Users/jameshsi/.npm/requirejs/2.1.9/package.tgz
110 silly lockFile 1ce7f02e-e-npm-lib-node-modules-requirejs /usr/local/share/npm/lib/node_modules/requirejs
111 verbose lock /usr/local/share/npm/lib/node_modules/requirejs /Users/jameshsi/.npm/1ce7f02e-e-npm-lib-node-modules-requirejs.lock
112 silly lockFile d49b1802--npm-requirejs-2-1-9-package-tgz /Users/jameshsi/.npm/requirejs/2.1.9/package.tgz
113 verbose lock /Users/jameshsi/.npm/requirejs/2.1.9/package.tgz /Users/jameshsi/.npm/d49b1802--npm-requirejs-2-1-9-package-tgz.lock
114 silly gunzTarPerm modes [ '755', '644' ]
115 error Error: EACCES, mkdir '/usr/local/share/npm/lib/node_modules/requirejs'
115 error  { [Error: EACCES, mkdir '/usr/local/share/npm/lib/node_modules/requirejs']
115 error   errno: 3,
115 error   code: 'EACCES',
115 error   path: '/usr/local/share/npm/lib/node_modules/requirejs',
115 error   fstream_type: 'Directory',
115 error   fstream_path: '/usr/local/share/npm/lib/node_modules/requirejs',
115 error   fstream_class: 'DirWriter',
115 error   fstream_stack:
115 error    [ '/usr/local/Cellar/node/0.10.5/lib/node_modules/npm/node_modules/fstream/lib/dir-writer.js:36:23',
115 error      '/usr/local/Cellar/node/0.10.5/lib/node_modules/npm/node_modules/mkdirp/index.js:37:53',
115 error      'Object.oncomplete (fs.js:107:15)' ] }
116 error Please try running this command again as root/Administrator.
117 error System Darwin 12.5.0
118 error command "/usr/local/Cellar/node/0.10.5/bin/node" "/usr/local/bin/npm" "install" "-g" "requirejs"
119 error cwd /Users/jameshsi/workspace/sync/js
120 error node -v v0.10.5
121 error npm -v 1.2.18
122 error path /usr/local/share/npm/lib/node_modules/requirejs
123 error fstream_path /usr/local/share/npm/lib/node_modules/requirejs
124 error fstream_type Directory
125 error fstream_class DirWriter
126 error code EACCES
127 error errno 3
128 error stack Error: EACCES, mkdir '/usr/local/share/npm/lib/node_modules/requirejs'
129 error fstream_stack /usr/local/Cellar/node/0.10.5/lib/node_modules/npm/node_modules/fstream/lib/dir-writer.js:36:23
129 error fstream_stack /usr/local/Cellar/node/0.10.5/lib/node_modules/npm/node_modules/mkdirp/index.js:37:53
129 error fstream_stack Object.oncomplete (fs.js:107:15)
130 verbose exit [ 3, true ]
